<?xml version="1.0" encoding="UTF-8"?>
<testsuite name="org.example.TestCalculadorCombustible" tests="1" skipped="0" failures="0" errors="0" timestamp="2023-06-27T00:08:04" hostname="NACHO" time="0.002">
  <properties/>
  <testcase name="calcularCombustible()" classname="org.example.TestCalculadorCombustible" time="0.002"/>
  <system-out><![CDATA[]]></system-out>
  <system-err><![CDATA[]]></system-err>
</testsuite>
